[2025-03-11T14:15:27.745Z] GET /api/shops 200
[2025-03-11T14:15:27.784Z] GET /api/shops 304
[2025-03-11T14:17:00.634Z] GET /api/deals 200
[2025-03-11T14:17:00.671Z] GET /api/deals 304
[2025-03-11T14:17:03.174Z] GET /api/events 200
[2025-03-11T14:17:03.225Z] GET /api/events 304
[2025-03-11T14:17:28.172Z] GET /api/events 304
[2025-03-11T14:17:28.205Z] GET /api/events 304
[2025-03-11T15:47:58.119Z] POST /api/signup 201
[2025-03-11T15:48:25.254Z] POST /api/login 200
[2025-03-11T15:48:48.994Z] GET /user_get_mail 200
[2025-03-11T15:48:49.002Z] GET /user_get_mail 304
[2025-03-11T15:48:49.035Z] GET /user_get_mail 304
[2025-03-11T15:48:49.040Z] GET /user_get_mail 304
[2025-03-11T15:50:18.065Z] GET /get_user_details 404
[2025-03-11T15:50:18.072Z] GET /get_user_details 404
[2025-03-11T15:54:21.184Z] GET /user_get_mail 304
[2025-03-11T15:54:21.192Z] GET /user_get_mail 304
[2025-03-11T15:54:21.226Z] GET /user_get_mail 304
[2025-03-11T15:54:21.238Z] GET /user_get_mail 304
[2025-03-11T15:54:51.675Z] GET /user_get_mail 304
[2025-03-11T15:54:51.679Z] GET /user_get_mail 304
[2025-03-11T15:55:00.523Z] GET /user_get_mail 304
[2025-03-11T15:55:00.528Z] GET /user_get_mail 304
[2025-03-11T15:55:00.537Z] GET /user_get_mail 304
[2025-03-11T15:55:00.546Z] GET /user_get_mail 304
[2025-03-11T15:55:00.609Z] GET /uploads/users/image-1741708077603-855568166.png 200
[2025-03-11T15:55:32.649Z] GET /user_get_mail 304
[2025-03-11T15:55:32.652Z] GET /user_get_mail 304
[2025-03-11T15:55:36.331Z] GET /user_get_mail 304
[2025-03-11T15:55:52.871Z] POST /api/login 401
[2025-03-11T15:56:09.516Z] POST /api/login 200
[2025-03-11T15:56:09.554Z] GET /user_get_mail 304
[2025-03-11T15:56:09.566Z] GET /user_get_mail 304
[2025-03-11T15:56:09.776Z] GET /stats 200
[2025-03-11T15:56:09.971Z] GET /stats 304
[2025-03-11T15:56:29.289Z] GET /user_get_mail 304
[2025-03-11T15:56:29.298Z] GET /user_get_mail 304
[2025-03-11T15:56:29.528Z] GET /stats 304
[2025-03-11T15:56:29.730Z] GET /stats 304
[2025-03-11T15:56:31.822Z] GET /user_get_mail 304
[2025-03-11T15:56:31.839Z] GET /user_get_mail 304
[2025-03-11T15:56:32.032Z] GET /stats 304
[2025-03-11T15:56:32.248Z] GET /stats 304
[2025-03-11T15:56:50.871Z] GET /user_get_mail 304
[2025-03-11T15:56:50.877Z] GET /user_get_mail 304
[2025-03-11T15:56:50.890Z] GET /user_get_mail 304
[2025-03-11T15:56:50.902Z] GET /user_get_mail 304
[2025-03-11T15:56:51.038Z] GET /uploads/users/image-1741708077603-855568166.png 304
[2025-03-11T15:56:53.335Z] GET /user_get_mail 304
[2025-03-11T15:56:53.376Z] GET /user_get_mail 304
[2025-03-11T15:56:53.533Z] GET /stats 304
[2025-03-11T15:56:53.730Z] GET /stats 304
[2025-03-11T15:57:03.212Z] POST /api/login 200
[2025-03-11T15:57:03.240Z] GET /user_get_mail 304
[2025-03-11T15:57:03.255Z] GET /user_get_mail 304
[2025-03-11T15:57:03.441Z] GET /stats 304
[2025-03-11T15:57:03.655Z] GET /stats 304
[2025-03-11T15:57:04.814Z] GET /user_get_mail 304
[2025-03-11T15:57:04.824Z] GET /user_get_mail 304
[2025-03-11T15:57:04.839Z] GET /user_get_mail 304
[2025-03-11T15:57:04.861Z] GET /user_get_mail 304
[2025-03-11T15:57:04.996Z] GET /uploads/users/image-1741708077603-855568166.png 304
[2025-03-11T15:57:08.298Z] GET /user_get_mail 304
[2025-03-11T15:57:08.310Z] GET /user_get_mail 304
[2025-03-11T15:57:08.722Z] GET /stats 304
[2025-03-11T15:57:09.004Z] GET /stats 304
[2025-03-11T15:57:10.496Z] GET /user_get_mail 304
[2025-03-11T15:57:10.511Z] GET /user_get_mail 304
[2025-03-11T15:57:10.918Z] GET /stats 304
[2025-03-11T15:57:11.146Z] GET /stats 304
[2025-03-11T17:59:03.438Z] GET /user_get_mail 200
[2025-03-11T17:59:15.648Z] GET /user_get_mail 304
[2025-03-11T17:59:21.811Z] GET /user_get_mail 304
[2025-03-11T17:59:22.951Z] GET /user_get_mail 304
[2025-03-11T18:01:04.246Z] POST /api/manager-login 200
[2025-03-11T18:01:04.295Z] GET /get_all_bookings 200
[2025-03-11T18:01:04.327Z] GET /get_all_bookings 304
[2025-03-11T18:01:04.415Z] GET /stats 304
[2025-03-11T18:01:04.744Z] GET /stats 304
[2025-03-11T18:01:13.269Z] GET /get_all_bookings 304
[2025-03-11T18:01:13.383Z] GET /stats 304
[2025-03-11T18:01:17.675Z] GET /get_all_bookings 304
[2025-03-11T18:01:17.711Z] GET /get_all_bookings 304
[2025-03-11T18:01:17.788Z] GET /stats 304
[2025-03-11T18:01:17.936Z] GET /stats 304
[2025-03-11T18:01:27.660Z] GET /get_all_bookings 304
[2025-03-11T18:01:27.775Z] GET /stats 304
[2025-03-11T18:01:31.053Z] GET /get_all_bookings 304
[2025-03-11T18:01:31.085Z] GET /get_all_bookings 304
[2025-03-11T18:01:31.165Z] GET /stats 304
[2025-03-11T18:01:31.318Z] GET /stats 304
[2025-03-11T18:01:36.115Z] GET /get_all_bookings 304
[2025-03-11T18:01:36.303Z] GET /stats 304
[2025-03-11T18:01:40.886Z] GET /get_all_bookings 304
[2025-03-11T18:01:41.105Z] GET /stats 304
[2025-03-11T18:01:43.991Z] GET /get_all_bookings 304
[2025-03-11T18:01:44.105Z] GET /get_all_bookings 304
[2025-03-11T18:01:44.487Z] GET /stats 304
[2025-03-11T18:01:44.639Z] GET /stats 304
[2025-03-11T18:02:47.917Z] GET /get_all_bookings 304
[2025-03-11T18:02:48.020Z] GET /stats 304
[2025-03-11T18:02:48.922Z] GET /get_all_bookings 304
[2025-03-11T18:02:49.033Z] GET /stats 304
[2025-03-11T18:02:53.315Z] GET /get_all_bookings 304
[2025-03-11T18:02:53.349Z] GET /get_all_bookings 304
[2025-03-11T18:02:53.439Z] GET /stats 304
[2025-03-11T18:02:53.626Z] GET /stats 304
[2025-03-11T18:03:09.139Z] GET /get_all_bookings 304
[2025-03-11T18:03:09.168Z] GET /get_all_bookings 304
[2025-03-11T18:03:09.365Z] GET /stats 304
[2025-03-11T18:03:09.564Z] GET /stats 304
[2025-03-15T19:13:44.425Z] POST /api/login 200
[2025-03-15T19:13:44.480Z] GET /user_get_mail 200
[2025-03-15T19:13:44.484Z] GET /user_get_mail 304
[2025-03-15T19:13:44.682Z] GET /stats 304
[2025-03-15T19:13:44.833Z] GET /stats 304
[2025-03-15T19:13:57.326Z] POST /api/shopowner-login 200
[2025-03-15T19:14:01.004Z] GET /api/shopowner/profile 200
[2025-03-15T19:14:01.036Z] GET /api/shopowner/profile 304
[2025-03-15T19:14:04.013Z] GET /api/deals 304
[2025-03-15T19:14:04.045Z] GET /api/deals 304
[2025-03-15T19:14:17.021Z] POST /api/manager-login 400
[2025-03-15T19:14:56.230Z] POST /api/login 401
[2025-03-15T19:15:00.376Z] POST /api/login 401
[2025-03-15T19:15:09.757Z] POST /api/login 200
[2025-03-15T19:15:16.979Z] GET /user_get_mail 200
[2025-03-15T19:15:16.983Z] GET /user_get_mail 304
[2025-03-15T19:15:16.988Z] GET /user_get_mail 304
[2025-03-15T19:15:16.998Z] GET /user_get_mail 304
[2025-03-15T19:15:17.075Z] GET /uploads/users/image-1741751375066-407713761.jpeg 404
[2025-03-15T19:15:17.211Z] GET /get_restaurant_bookings 304
[2025-03-15T19:15:17.244Z] GET /get_restaurant_bookings 304
[2025-03-15T19:19:27.830Z] POST /api/login 200
[2025-03-15T19:19:27.851Z] GET /user_get_mail 304
[2025-03-15T19:19:27.862Z] GET /user_get_mail 304
[2025-03-15T19:19:28.261Z] GET /stats 304
[2025-03-15T19:19:28.417Z] GET /stats 304
[2025-03-15T19:19:53.471Z] POST /api/login 401
[2025-03-15T19:19:57.786Z] POST /api/login 401
[2025-03-15T19:20:06.586Z] POST /api/login 401
[2025-03-15T19:20:11.740Z] POST /api/login 401
[2025-03-15T19:21:27.967Z] POST /api/signup 400
[2025-03-15T19:21:34.616Z] POST /api/signup 201
[2025-03-15T19:21:42.545Z] POST /api/login 200
[2025-03-15T19:22:18.596Z] GET /user_get_mail 200
[2025-03-15T19:22:18.631Z] GET /user_get_mail 304
[2025-03-15T19:22:31.615Z] GET /api/hotels 200
[2025-03-15T19:22:31.735Z] GET /api/hotels 304
[2025-03-15T19:22:38.818Z] GET /api/hotels/674f779f2a9f5060953f3372 200
[2025-03-15T19:22:38.883Z] GET /api/hotels/674f779f2a9f5060953f3372 304
[2025-03-15T19:22:40.831Z] GET /api/get-table/674f7aec6c125c8de4868af7 304
[2025-03-15T19:22:40.877Z] GET /api/get-table/674f7aec6c125c8de4868af7 304
[2025-03-15T19:22:43.335Z] GET /api/hotels/674f779f2a9f5060953f3372 304
[2025-03-15T19:22:43.606Z] GET /api/hotels/674f779f2a9f5060953f3372 304
[2025-03-15T19:22:44.398Z] GET /api/get-table/674f7aec6c125c8de4868af7 304
[2025-03-15T19:22:44.436Z] GET /api/get-table/674f7aec6c125c8de4868af7 304
[2025-03-15T19:22:46.297Z] GET /api/hotels/674f779f2a9f5060953f3372 304
[2025-03-15T19:22:46.363Z] GET /api/hotels/674f779f2a9f5060953f3372 304
[2025-03-15T19:22:47.711Z] GET /user_get_mail 304
[2025-03-15T19:22:47.717Z] GET /user_get_mail 304
[2025-03-15T19:22:47.726Z] GET /user_get_mail 304
[2025-03-15T19:22:47.739Z] GET /user_get_mail 304
[2025-03-15T19:22:47.806Z] GET /uploads/users/image-1742066494255-691299782.png 200
